<?xml version="1.0" encoding="UTF-8"?>
<testng-results ignored="0" total="2" passed="2" failed="0" skipped="0">
  <reporter-output>
  </reporter-output>
  <suite started-at="2020-12-22T17:35:02 PKT" name="Suite" finished-at="2020-12-22T17:35:02 PKT" duration-ms="49">
    <groups>
    </groups>
    <test started-at="2020-12-22T17:35:02 PKT" name="Test" finished-at="2020-12-22T17:35:02 PKT" duration-ms="49">
      <class name="DemoProject.APITest">
        <test-method signature="deleteTwitter()[pri:0, instance:DemoProject.APITest@d83da2e]" started-at="2020-12-22T17:35:02 PKT" name="deleteTwitter" finished-at="2020-12-22T17:35:02 PKT" duration-ms="5" status="PASS">
          <reporter-output>
          </reporter-output>
        </test-method> <!-- deleteTwitter -->
        <test-method signature="postJira()[pri:0, instance:DemoProject.APITest@d83da2e]" started-at="2020-12-22T17:35:02 PKT" name="postJira" finished-at="2020-12-22T17:35:02 PKT" duration-ms="0" status="PASS">
          <reporter-output>
          </reporter-output>
        </test-method> <!-- postJira -->
      </class> <!-- DemoProject.APITest -->
    </test> <!-- Test -->
  </suite> <!-- Suite -->
</testng-results>
